2026-03-13 19:36:34 | [36mINFO[0m | ============================================================
2026-03-13 19:36:34 | [36mINFO[0m | 训练开始
2026-03-13 19:36:34 | [36mINFO[0m | ============================================================
2026-03-13 19:36:34 | [36mINFO[0m | 总步数：58
2026-03-13 19:36:34 | [36mINFO[0m | 训练轮次：1
2026-03-13 19:36:34 | [36mINFO[0m | 初始步数：0
2026-03-13 19:44:11 | [36mINFO[0m | [    5] | ep=0.09 | loss=0.6931 | lr=4.98e-07
2026-03-13 19:51:56 | [36mINFO[0m | [   10] | ep=0.17 | loss=0.6931 | lr=4.81e-07
2026-03-13 19:59:26 | [36mINFO[0m | [   15] | ep=0.26 | loss=0.6931 | lr=4.45e-07
2026-03-13 20:07:02 | [36mINFO[0m | [   20] | ep=0.35 | loss=0.6931 | lr=3.95e-07
2026-03-13 20:15:30 | [36mINFO[0m | [   25] | ep=0.43 | loss=0.6931 | lr=3.33e-07
2026-03-13 20:23:27 | [36mINFO[0m | [   30] | ep=0.52 | loss=0.6931 | lr=2.64e-07
2026-03-13 20:30:50 | [36mINFO[0m | [   35] | ep=0.61 | loss=0.6931 | lr=1.94e-07
2026-03-13 20:38:51 | [36mINFO[0m | [   40] | ep=0.69 | loss=0.6931 | lr=1.29e-07
2026-03-13 20:46:26 | [36mINFO[0m | [   45] | ep=0.78 | loss=0.6931 | lr=7.32e-08
2026-03-13 20:54:01 | [36mINFO[0m | [   50] | ep=0.87 | loss=0.6931 | lr=3.12e-08
2026-03-13 20:54:02 | [36mINFO[0m | 模型已保存至：checkpoint-50
2026-03-13 21:00:51 | [36mINFO[0m | [   55] | ep=0.95 | loss=0.6931 | lr=6.27e-09
2026-03-13 21:05:38 | [36mINFO[0m | 模型已保存至：checkpoint-58
2026-03-13 21:05:38 | [36mINFO[0m | ----------------------------------------
2026-03-13 21:05:38 | [36mINFO[0m | Epoch 1.00 完成
2026-03-13 21:05:38 | [36mINFO[0m | 已用时间：1小时29分钟
2026-03-13 21:05:38 | [36mINFO[0m | 平均速度：0.01 steps/sec
2026-03-13 21:05:38 | [36mINFO[0m | ----------------------------------------
2026-03-13 21:05:38 | [36mINFO[0m | [   58] | ep=1.00 | loss=0.0000 | lr=0.00e+00
2026-03-13 21:05:38 | [36mINFO[0m | ============================================================
2026-03-13 21:05:38 | [36mINFO[0m | 训练完成
2026-03-13 21:05:38 | [36mINFO[0m | ============================================================
2026-03-13 21:05:38 | [36mINFO[0m | 总用时：1小时29分钟
2026-03-13 21:05:38 | [36mINFO[0m | 最终步数：58
